<?xml version="1.0" encoding="UTF-8"?>
<!-- Generated by org.testng.reporters.JUnitReportReporter -->
<testsuite hostname="LAP-KARTHIGA" failures="0" tests="2" name="annotations.overview" time="0.008" errors="0" timestamp="2022-09-12T12:53:38 CDT" skipped="0">
  <testcase classname="annotations.overview" name="searchTest" time="0.003"/>
  <system-out/>
  <testcase classname="annotations.overview" name="googleTitleTest" time="0.005"/>
  <system-out/>
</testsuite> <!-- annotations.overview -->
